<?xml version="1.0" encoding="UTF-8"?>
<!-- Generated by org.testng.reporters.JUnitReportReporter -->
<testsuite skipped="0" hostname="KimHoa" name="com.tests.BMI_Calculate_Tests" tests="1" failures="0" timestamp="13 Jun 2018 06:02:38 GMT" time="8.249" errors="0">
  <testcase name="TC001" time="8.249" classname="com.tests.BMI_Calculate_Tests"/>
</testsuite> <!-- com.tests.BMI_Calculate_Tests -->
